[debug] [2022-06-03T18:20:11.453Z] ----------------------------------------------------------------------
[debug] [2022-06-03T18:20:11.453Z] Command:       /usr/local/bin/node /usr/local/bin/firebase init
[debug] [2022-06-03T18:20:11.454Z] CLI Version:   11.0.1
[debug] [2022-06-03T18:20:11.454Z] Platform:      darwin
[debug] [2022-06-03T18:20:11.454Z] Node Version:  v16.14.2
[debug] [2022-06-03T18:20:11.457Z] Time:          Fri Jun 03 2022 15:20:11 GMT-0300 (Argentina Standard Time)
[debug] [2022-06-03T18:20:11.457Z] ----------------------------------------------------------------------
[debug] 
[debug] [2022-06-03T18:20:11.487Z] > command requires scopes: ["email","openid","https://www.googleapis.com/auth/cloudplatformprojects.readonly","https://www.googleapis.com/auth/firebase","https://www.googleapis.com/auth/cloud-platform"]
[debug] [2022-06-03T18:20:11.487Z] > authorizing via signed-in user (los.3.hermanosbv@gmail.com)
[info] 
     ######## #### ########  ######## ########     ###     ######  ########
     ##        ##  ##     ## ##       ##     ##  ##   ##  ##       ##
     ######    ##  ########  ######   ########  #########  ######  ######
     ##        ##  ##    ##  ##       ##     ## ##     ##       ## ##
     ##       #### ##     ## ######## ########  ##     ##  ######  ########

You're about to initialize a Firebase project in this directory:

  /Users/lucaslera/Desktop/Proyectos/Coder Hose/distribuidora_tres_hermanos-10

Before we get started, keep in mind:

  * You are initializing within an existing Firebase project directory

[info] 
=== Project Setup
[info] 
[info] First, let's associate this project directory with a Firebase project.
[info] You can create multiple project aliases by running firebase use --add, 
[info] but for now we'll just set up a default project.
[info] 
[debug] [2022-06-03T18:20:22.021Z] Using project from CLI flag: distribuidora-3-hermanos
[debug] [2022-06-03T18:20:22.024Z] > refreshing access token with scopes: []
[debug] [2022-06-03T18:20:22.025Z] >>> HTTP REQUEST POST https://www.googleapis.com/oauth2/v3/token  
 <request body omitted>
[debug] [2022-06-03T18:20:22.377Z] <<< HTTP RESPONSE 200 {"cache-control":"no-cache, no-store, max-age=0, must-revalidate","expires":"Mon, 01 Jan 1990 00:00:00 GMT","pragma":"no-cache","date":"Fri, 03 Jun 2022 18:20:22 GMT","content-type":"application/json; charset=utf-8","vary":"X-Origin, Referer, Origin,Accept-Encoding","server":"scaffolding on HTTPServer2","x-xss-protection":"0","x-frame-options":"SAMEORIGIN","x-content-type-options":"nosniff","alt-svc":"h3=\":443\"; ma=2592000,h3-29=\":443\"; ma=2592000,h3-Q050=\":443\"; ma=2592000,h3-Q046=\":443\"; ma=2592000,h3-Q043=\":443\"; ma=2592000,quic=\":443\"; ma=2592000; v=\"46,43\"","accept-ranges":"none","transfer-encoding":"chunked"}
[debug] [2022-06-03T18:20:22.423Z] >>> [apiv2][query] GET https://firebase.googleapis.com/v1beta1/projects/distribuidora-3-hermanos [none]
[debug] [2022-06-03T18:20:22.899Z] <<< [apiv2][status] GET https://firebase.googleapis.com/v1beta1/projects/distribuidora-3-hermanos 200
[debug] [2022-06-03T18:20:22.899Z] <<< [apiv2][body] GET https://firebase.googleapis.com/v1beta1/projects/distribuidora-3-hermanos {"projectId":"distribuidora-3-hermanos","projectNumber":"1019902829199","displayName":"distribuidora3hermanos","name":"projects/distribuidora-3-hermanos","resources":{"hostingSite":"distribuidora-3-hermanos","storageBucket":"distribuidora-3-hermanos.appspot.com","locationId":"us-central"},"state":"ACTIVE"}
[info] i  Using project distribuidora-3-hermanos (distribuidora3hermanos) 
[info] 
=== Hosting Setup
[info] 
[info] Your public directory is the folder (relative to your project directory) that
[info] will contain Hosting assets to be uploaded with firebase deploy. If you
[info] have a build process for your assets, use your build's output directory.
[info] 
